-- The C compiler identification is GNU 9.4.0
-- The CXX compiler identification is GNU 9.4.0
-- Check for working C compiler: /usr/bin/cc
-- Check for working C compiler: /usr/bin/cc -- works
-- Detecting C compiler ABI info
-- Detecting C compiler ABI info - done
-- Detecting C compile features
-- Detecting C compile features - done
-- Check for working CXX compiler: /usr/bin/c++
-- Check for working CXX compiler: /usr/bin/c++ -- works
-- Detecting CXX compiler ABI info
-- Detecting CXX compiler ABI info - done
-- Detecting CXX compile features
-- Detecting CXX compile features - done
-- Using CATKIN_DEVEL_PREFIX: /home/zaina/catkin_ws/build/usb_cam/devel
-- Using CMAKE_PREFIX_PATH: /home/zaina/catkin_ws/devel;/opt/ros/noetic
-- This workspace overlays: /home/zaina/catkin_ws/devel;/opt/ros/noetic
-- Found PythonInterp: /home/zaina/catkin_ws/venv/bin/python3 (found suitable version "3.8.10", minimum required is "3") 
-- Using PYTHON_EXECUTABLE: /home/zaina/catkin_ws/venv/bin/python3
-- Using Debian Python package layout
-- Found PY_em: /home/zaina/catkin_ws/venv/lib/python3.8/site-packages/em.py  
-- Using empy: /home/zaina/catkin_ws/venv/lib/python3.8/site-packages/em.py
-- Using CATKIN_ENABLE_TESTING: ON
-- Call enable_testing()
-- Using CATKIN_TEST_RESULTS_DIR: /home/zaina/catkin_ws/build/usb_cam/test_results
-- Forcing gtest/gmock from source, though one was otherwise available.
-- Found gtest sources under '/usr/src/googletest': gtests will be built
-- Found gmock sources under '/usr/src/googletest': gmock will be built
-- Found PythonInterp: /home/zaina/catkin_ws/venv/bin/python3 (found version "3.8.10") 
-- Found Threads: TRUE  
-- Using Python nosetests: /usr/bin/nosetests3
-- catkin 0.8.10
-- BUILD_SHARED_LIBS is on
-- Found OpenCV: /usr (found version "4.2.0") 
-- Found PkgConfig: /usr/bin/pkg-config (found version "0.29.1") 
-- Checking for module 'libavcodec'
--   Found libavcodec, version 58.54.100
-- Checking for module 'libavutil'
--   Found libavutil, version 56.31.100
-- Checking for module 'libswscale'
--   Found libswscale, version 5.5.100
-- Configuring done
-- Generating done
-- Build files have been written to: /home/zaina/catkin_ws/build/usb_cam
[35m[1mScanning dependencies of target usb_cam[0m
[ 25%] [32mBuilding CXX object CMakeFiles/usb_cam.dir/src/usb_cam.cpp.o[0m
[ 50%] [32m[1mLinking CXX shared library libusb_cam.so[0m
[ 50%] Built target usb_cam
[35m[1mScanning dependencies of target usb_cam_node[0m
[ 75%] [32mBuilding CXX object CMakeFiles/usb_cam_node.dir/src/ros1/usb_cam_node.cpp.o[0m
[01m[K/home/zaina/catkin_ws/src/usb_cam/src/ros1/usb_cam_node.cpp:[m[K In constructor â€˜[01m[Kusb_cam::UsbCamNode::UsbCamNode()[m[Kâ€™:
[01m[K/home/zaina/catkin_ws/src/usb_cam/src/ros1/usb_cam_node.cpp:156:34:[m[K [01;31m[Kerror: [m[Kno matching function for call to â€˜[01m[Kusb_cam::UsbCam::start(const char*, usb_cam::utils::io_method_t&, std::string&, int&, int&, int&)[m[Kâ€™
  156 |       m_image_height, m_framerate[01;31m[K)[m[K;
      |                                  [01;31m[K^[m[K
In file included from [01m[K/home/zaina/catkin_ws/src/usb_cam/src/ros1/usb_cam_node.cpp:36[m[K:
[01m[K/home/zaina/catkin_ws/src/usb_cam/include/usb_cam/usb_cam.hpp:180:8:[m[K [01;36m[Knote: [m[Kcandidate: â€˜[01m[Kvoid usb_cam::UsbCam::start()[m[Kâ€™
  180 |   void [01;36m[Kstart[m[K();
      |        [01;36m[K^~~~~[m[K
[01m[K/home/zaina/catkin_ws/src/usb_cam/include/usb_cam/usb_cam.hpp:180:8:[m[K [01;36m[Knote: [m[K  candidate expects 0 arguments, 6 provided
[01m[K/home/zaina/catkin_ws/src/usb_cam/src/ros1/usb_cam_node.cpp:[m[K In member function â€˜[01m[Kbool usb_cam::UsbCamNode::take_and_send_image()[m[Kâ€™:
[01m[K/home/zaina/catkin_ws/src/usb_cam/src/ros1/usb_cam_node.cpp:172:43:[m[K [01;31m[Kerror: [m[Krequest for member â€˜[01m[Kstamp[m[Kâ€™ in â€˜[01m[K* new_image[m[Kâ€™, which is of non-class type â€˜[01m[Kchar[m[Kâ€™
  172 |     m_image.header.stamp.sec = new_image->[01;31m[Kstamp[m[K.tv_sec;
      |                                           [01;31m[K^~~~~[m[K
[01m[K/home/zaina/catkin_ws/src/usb_cam/src/ros1/usb_cam_node.cpp:173:44:[m[K [01;31m[Kerror: [m[Krequest for member â€˜[01m[Kstamp[m[Kâ€™ in â€˜[01m[K* new_image[m[Kâ€™, which is of non-class type â€˜[01m[Kchar[m[Kâ€™
  173 |     m_image.header.stamp.nsec = new_image->[01;31m[Kstamp[m[K.tv_nsec;
      |                                            [01;31m[K^~~~~[m[K
[01m[K/home/zaina/catkin_ws/src/usb_cam/src/ros1/usb_cam_node.cpp:176:63:[m[K [01;31m[Kerror: [m[Krequest for member â€˜[01m[Kstep[m[Kâ€™ in â€˜[01m[K* new_image[m[Kâ€™, which is of non-class type â€˜[01m[Kchar[m[Kâ€™
  176 |     if (m_image.data.size() != static_cast<size_t>(new_image->[01;31m[Kstep[m[K * new_image->height)) {
      |                                                               [01;31m[K^~~~[m[K
[01m[K/home/zaina/catkin_ws/src/usb_cam/src/ros1/usb_cam_node.cpp:176:81:[m[K [01;31m[Kerror: [m[Krequest for member â€˜[01m[Kheight[m[Kâ€™ in â€˜[01m[K* new_image[m[Kâ€™, which is of non-class type â€˜[01m[Kchar[m[Kâ€™
  176 |     if (m_image.data.size() != static_cast<size_t>(new_image->step * new_image->[01;31m[Kheight[m[K)) {
      |                                                                                 [01;31m[K^~~~~~[m[K
[01m[K/home/zaina/catkin_ws/src/usb_cam/src/ros1/usb_cam_node.cpp:177:34:[m[K [01;31m[Kerror: [m[Krequest for member â€˜[01m[Kwidth[m[Kâ€™ in â€˜[01m[K* new_image[m[Kâ€™, which is of non-class type â€˜[01m[Kchar[m[Kâ€™
  177 |       m_image.width = new_image->[01;31m[Kwidth[m[K;
      |                                  [01;31m[K^~~~~[m[K
[01m[K/home/zaina/catkin_ws/src/usb_cam/src/ros1/usb_cam_node.cpp:178:35:[m[K [01;31m[Kerror: [m[Krequest for member â€˜[01m[Kheight[m[Kâ€™ in â€˜[01m[K* new_image[m[Kâ€™, which is of non-class type â€˜[01m[Kchar[m[Kâ€™
  178 |       m_image.height = new_image->[01;31m[Kheight[m[K;
      |                                   [01;31m[K^~~~~~[m[K
[01m[K/home/zaina/catkin_ws/src/usb_cam/src/ros1/usb_cam_node.cpp:179:37:[m[K [01;31m[Kerror: [m[Krequest for member â€˜[01m[Kencoding[m[Kâ€™ in â€˜[01m[K* new_image[m[Kâ€™, which is of non-class type â€˜[01m[Kchar[m[Kâ€™
  179 |       m_image.encoding = new_image->[01;31m[Kencoding[m[K;
      |                                     [01;31m[K^~~~~~~~[m[K
[01m[K/home/zaina/catkin_ws/src/usb_cam/src/ros1/usb_cam_node.cpp:180:33:[m[K [01;31m[Kerror: [m[Krequest for member â€˜[01m[Kstep[m[Kâ€™ in â€˜[01m[K* new_image[m[Kâ€™, which is of non-class type â€˜[01m[Kchar[m[Kâ€™
  180 |       m_image.step = new_image->[01;31m[Kstep[m[K;
      |                                 [01;31m[K^~~~[m[K
[01m[K/home/zaina/catkin_ws/src/usb_cam/src/ros1/usb_cam_node.cpp:181:38:[m[K [01;31m[Kerror: [m[Krequest for member â€˜[01m[Kstep[m[Kâ€™ in â€˜[01m[K* new_image[m[Kâ€™, which is of non-class type â€˜[01m[Kchar[m[Kâ€™
  181 |       m_image.data.resize(new_image->[01;31m[Kstep[m[K * new_image->height);
      |                                      [01;31m[K^~~~[m[K
[01m[K/home/zaina/catkin_ws/src/usb_cam/src/ros1/usb_cam_node.cpp:181:56:[m[K [01;31m[Kerror: [m[Krequest for member â€˜[01m[Kheight[m[Kâ€™ in â€˜[01m[K* new_image[m[Kâ€™, which is of non-class type â€˜[01m[Kchar[m[Kâ€™
  181 |       m_image.data.resize(new_image->step * new_image->[01;31m[Kheight[m[K);
      |                                                        [01;31m[K^~~~~~[m[K
[01m[K/home/zaina/catkin_ws/src/usb_cam/src/ros1/usb_cam_node.cpp:185:41:[m[K [01;31m[Kerror: [m[Krequest for member â€˜[01m[Kimage[m[Kâ€™ in â€˜[01m[K* new_image[m[Kâ€™, which is of non-class type â€˜[01m[Kchar[m[Kâ€™
  185 |     memcpy(&m_image.data[0], new_image->[01;31m[Kimage[m[K, m_image.data.size());
      |                                         [01;31m[K^~~~~[m[K
make[2]: *** [CMakeFiles/usb_cam_node.dir/build.make:63: CMakeFiles/usb_cam_node.dir/src/ros1/usb_cam_node.cpp.o] Error 1
make[1]: *** [CMakeFiles/Makefile2:739: CMakeFiles/usb_cam_node.dir/all] Error 2
make: *** [Makefile:141: all] Error 2
